Arguments: 
  C:\Program Files\nodejs\node.exe C:\Users\mortimer\AppData\Roaming\npm\node_modules\yarn\bin\yarn.js add serve

PATH: 
  C:\Program Files (x86)\Common Files\Oracle\Java\javapath;C:\Windows\system32;C:\Windows;C:\Windows\System32\Wbem;C:\Windows\System32\WindowsPowerShell\v1.0\;C:\Windows\System32\OpenSSH\;C:\Program Files\Git\cmd;C:\Program Files (x86)\NVIDIA Corporation\PhysX\Common;C:\WINDOWS\system32;C:\WINDOWS;C:\WINDOWS\System32\Wbem;C:\WINDOWS\System32\WindowsPowerShell\v1.0\;C:\WINDOWS\System32\OpenSSH\;C:\Program Files\nodejs\;C:\ProgramData\chocolatey\bin;C:\Users\mortimer\AppData\Local\Microsoft\WindowsApps;C:\Users\mortimer\AppData\Local\Programs\Microsoft VS Code\bin;C:\Program Files (x86)\GitHub CLI\;C:\Users\mortimer\AppData\Roaming\npm;C:\Users\mortimer\AppData\Local\Yarn\bin;

Yarn version: 
  1.22.4

Node version: 
  15.8.0

Platform: 
  win32 x64

Trace: 
  SyntaxError: C:\Repos\neuroshima-hex\frontend\package.json: Unexpected end of JSON input
      at JSON.parse (<anonymous>)
      at C:\Users\mortimer\AppData\Roaming\npm\node_modules\yarn\lib\cli.js:1625:59
      at Generator.next (<anonymous>)
      at step (C:\Users\mortimer\AppData\Roaming\npm\node_modules\yarn\lib\cli.js:310:30)
      at C:\Users\mortimer\AppData\Roaming\npm\node_modules\yarn\lib\cli.js:321:13

npm manifest: 
  

yarn manifest: 
  No manifest

Lockfile: 
  No lockfile
